2020-09-21 09:49:33,927 - BrowserEngine - INFO - {'browserType': 'Chrome', 'url': 'http://10.10.117.2:8081/vinda_dis/com.rst.cloud.base.framework.view.MainFrame1.d', 'username': '141163', 'passwd': '111111'}
2020-09-21 09:49:36,357 - BrowserEngine - INFO - Starting Chrome browser.
2020-09-21 09:49:38,807 - BrowserEngine - INFO - Open url: http://10.10.117.2:8081/vinda_dis/com.rst.cloud.base.framework.view.MainFrame1.d
2020-09-21 09:49:39,154 - BrowserEngine - INFO - Maximize the current window.
2020-09-21 09:49:39,157 - BrowserEngine - INFO - Set implicitly wait 5 seconds.
2020-09-21 09:49:39,157 - BrowserEngine - INFO - {'browserType': 'Chrome', 'url': 'http://10.10.117.2:8081/vinda_dis/com.rst.cloud.base.framework.view.MainFrame1.d', 'username': '141163', 'passwd': '111111'}
2020-09-21 09:49:39,650 - BasePage - INFO - Had find the element '  ' successful by id via value: username_ 
2020-09-21 09:49:39,744 - BasePage - INFO - Had type ' 141163 ' in inputBox
2020-09-21 09:49:39,774 - BasePage - INFO - Had find the element '  ' successful by id via value: password_ 
2020-09-21 09:49:39,862 - BasePage - INFO - Had type ' 111111 ' in inputBox
2020-09-21 09:49:39,917 - BasePage - INFO - Had find the element ' 登录 ' successful by xpath via value: // button[contains(text(), '登')] 
2020-09-21 09:49:48,657 - BasePage - INFO - Had take screenshot D:\1-LIX\demo-VOP1\demo-VOP1/screenshots/202009210949.png and save to folder : /screenshots
2020-09-21 09:49:48,657 - VOP_QXFP - INFO - 前置处理-登录
2020-09-21 09:49:48,730 - BasePage - INFO - Had find the element '  ' successful by xpath via value: //*[@class="tab tab-closeable tab-selected"]/span[1]/span[3] 
2020-09-21 09:49:48,852 - BasePage - INFO - Had find the element ' VOP系统 ' successful by xpath via value: //label[contains(text(),'VOP')] 
2020-09-21 09:49:48,958 - BasePage - INFO - Had find the element '  ' successful by xpath via value: //label[contains(text(), "VOP系统")]/../label[1] 
2020-09-21 09:49:51,079 - BasePage - INFO - Had find the element ' 权限分配 ' successful by xpath via value: //label[contains(text(), '权限分配')] 
2020-09-21 09:49:52,450 - VOP_QXFP - INFO - 切换到VOP权限分配页面
2020-09-21 09:49:55,520 - BasePage - INFO - Had find the element '  ' successful by xpath via value: //*[@id="d_tabControlWorkarea"]/div[2]/div[1]/iframe 
2020-09-21 09:49:55,545 - BasePage - INFO - switch to iframe <selenium.webdriver.remote.webelement.WebElement (session="52f522d57848191c0281d0f1482b50c3", element="0.2342916936731838-6")>
2020-09-21 09:49:57,589 - BasePage - INFO - Had find the element '  新增 ' successful by id via value: d_btnAddOrganize 
2020-09-21 09:49:58,824 - BasePage - INFO - Had find the element '  ' successful by id via value: d_textOName 
2020-09-21 09:49:58,972 - BasePage - INFO - Had type ' 自动测试添加Autotest ' in inputBox
2020-09-21 09:49:58,972 - VOP_QXFP - INFO - 添加组织-自动测试添加Autotest
2020-09-21 09:50:02,464 - VOP_QXFP - INFO - 填写开始时间为上一年
2020-09-21 09:50:03,529 - BasePage - INFO - Had find the element '  确认 ' successful by id via value: d_btnSaveOrganize 
2020-09-21 09:50:04,630 - VOP_QXFP - INFO - 已添加组织，截图并开始断言
2020-09-21 09:50:06,962 - BasePage - INFO - Had take screenshot D:\1-LIX\demo-VOP1\demo-VOP1/screenshots/202009210950.png and save to folder : /screenshots
2020-09-21 09:50:08,032 - BasePage - INFO - Had find the element '  ' successful by id via value: d_textOrganize 
2020-09-21 09:50:08,130 - BasePage - INFO - Had type ' 自动测试添加 ' in inputBox
2020-09-21 09:50:09,180 - BasePage - INFO - Had find the element '  查询 ' successful by id via value: d_btnQuery 
2020-09-21 09:50:09,312 - QXFP - INFO - 权限分配搜索关键字自动测试添加
2020-09-21 09:50:10,370 - VOP_QXFP - INFO - 无法搜索到添加的组织，用例失败
2020-09-21 09:50:10,677 - BasePage - INFO - Had take screenshot D:\1-LIX\demo-VOP1\demo-VOP1/screenshots/202009210950.png and save to folder : /screenshots
2020-09-21 09:50:12,677 - VOP_QXFP - INFO - 后置处理失败，删除失败
