2020-09-21 09:31:11,226 - BrowserEngine - INFO - {'browserType': 'Chrome', 'url': 'http://10.10.117.2:8081/vinda_dis/com.rst.cloud.base.framework.view.MainFrame1.d', 'username': '141163', 'passwd': '111111'}
2020-09-21 09:31:13,707 - BrowserEngine - INFO - Starting Chrome browser.
2020-09-21 09:31:16,084 - BrowserEngine - INFO - Open url: http://10.10.117.2:8081/vinda_dis/com.rst.cloud.base.framework.view.MainFrame1.d
2020-09-21 09:31:16,567 - BrowserEngine - INFO - Maximize the current window.
2020-09-21 09:31:16,569 - BrowserEngine - INFO - Set implicitly wait 5 seconds.
2020-09-21 09:31:16,570 - BrowserEngine - INFO - {'browserType': 'Chrome', 'url': 'http://10.10.117.2:8081/vinda_dis/com.rst.cloud.base.framework.view.MainFrame1.d', 'username': '141163', 'passwd': '111111'}
2020-09-21 09:31:16,643 - BasePage - INFO - Had find the element '  ' successful by id via value: username_ 
2020-09-21 09:31:16,737 - BasePage - INFO - Had type ' 141163 ' in inputBox
2020-09-21 09:31:16,770 - BasePage - INFO - Had find the element '  ' successful by id via value: password_ 
2020-09-21 09:31:16,843 - BasePage - INFO - Had type ' 111111 ' in inputBox
2020-09-21 09:31:16,876 - BasePage - INFO - Had find the element ' 登录 ' successful by xpath via value: // button[contains(text(), '登')] 
2020-09-21 09:31:19,913 - BasePage - INFO - Had take screenshot D:\1-LIX\demo-VOP1\demo-VOP1/screenshots/202009210931.png and save to folder : /screenshots
2020-09-21 09:31:19,913 - VOP_QXFP - INFO - 前置处理-登录
2020-09-21 09:31:19,973 - BasePage - INFO - Had find the element '  ' successful by xpath via value: //*[@class="tab tab-closeable tab-selected"]/span[1]/span[3] 
2020-09-21 09:31:20,091 - BasePage - INFO - Had find the element ' VOP系统 ' successful by xpath via value: //label[contains(text(),'VOP')] 
2020-09-21 09:31:20,199 - BasePage - INFO - Had find the element '  ' successful by xpath via value: //label[contains(text(), "VOP系统")]/../label[1] 
2020-09-21 09:31:22,550 - BasePage - INFO - Had find the element ' 权限分配 ' successful by xpath via value: //label[contains(text(), '权限分配')] 
2020-09-21 09:31:29,006 - VOP_QXFP - INFO - 切换到VOP权限分配页面
2020-09-21 09:31:32,039 - BasePage - INFO - Had find the element '  ' successful by xpath via value: //*[@id="d_tabControlWorkarea"]/div[2]/div[1]/iframe 
2020-09-21 09:31:32,067 - BasePage - INFO - switch to iframe <selenium.webdriver.remote.webelement.WebElement (session="025cac8526c49cafda0440c532da1437", element="0.5719849031907764-6")>
2020-09-21 09:31:34,106 - BasePage - INFO - Had find the element '  新增 ' successful by id via value: d_btnAddOrganize 
2020-09-21 09:31:40,352 - BasePage - INFO - Had find the element '  ' successful by id via value: d_textOName 
2020-09-21 09:31:40,474 - BasePage - INFO - Had type ' 自动测试添加Autotest ' in inputBox
2020-09-21 09:31:40,474 - VOP_QXFP - INFO - 添加组织-自动测试添加Autotest
2020-09-21 09:31:55,876 - VOP_QXFP - INFO - 后置处理失败，删除失败
