2020-09-11 13:10:58,792 - BrowserEngine - INFO - {'browserType': 'Chrome', 'url': 'http://10.100.248.27:8081/vinda_dis/com.rst.cloud.base.framework.view.MainFrame1.d', 'username': '141163', 'passwd': '111111'}
2020-09-11 13:11:03,573 - BrowserEngine - INFO - Starting Chrome browser.
2020-09-11 13:11:05,157 - BrowserEngine - INFO - Open url: http://10.100.248.27:8081/vinda_dis/com.rst.cloud.base.framework.view.MainFrame1.d
2020-09-11 13:11:05,767 - BrowserEngine - INFO - Maximize the current window.
2020-09-11 13:11:05,773 - BrowserEngine - INFO - Set implicitly wait 5 seconds.
2020-09-11 13:11:05,774 - BrowserEngine - INFO - {'browserType': 'Chrome', 'url': 'http://10.100.248.27:8081/vinda_dis/com.rst.cloud.base.framework.view.MainFrame1.d', 'username': '141163', 'passwd': '111111'}
2020-09-11 13:11:06,037 - BasePage - INFO - Had find the element '  ' successful by id via value: username_ 
2020-09-11 13:11:06,433 - BasePage - INFO - Had type ' 141163 ' in inputBox
2020-09-11 13:11:06,483 - BasePage - INFO - Had find the element '  ' successful by id via value: password_ 
2020-09-11 13:11:06,612 - BasePage - INFO - Had type ' 111111 ' in inputBox
2020-09-11 13:11:06,665 - BasePage - INFO - Had find the element ' 登录 ' successful by xpath via value: // button[contains(text(), '登')] 
2020-09-11 13:11:10,875 - BasePage - INFO - Had take screenshot D:\1-LIX\demo-VOP1\demo-VOP1/screenshots/202009111311.png and save to folder : /screenshots
2020-09-11 13:11:10,875 - VOP_QXFP - INFO - 前置处理-登录
2020-09-11 13:11:10,921 - BasePage - INFO - Had find the element ' VOP系统 ' successful by xpath via value: //label[contains(text(),'VOP')] 
2020-09-11 13:11:11,050 - BasePage - INFO - Had find the element '  ' successful by xpath via value: //label[contains(text(), "VOP系统")]/../label[1] 
2020-09-11 13:11:13,312 - BasePage - INFO - Had find the element ' 权限分配 ' successful by xpath via value: //label[contains(text(), '权限分配')] 
2020-09-11 13:11:15,231 - VOP_QXFP - INFO - 切换到VOP权限分配页面
2020-09-11 13:11:16,282 - BasePage - INFO - Had find the element '  ' successful by xpath via value: //*[@id="d_tabControlWorkarea"]/div[2]/div[1]/iframe 
2020-09-11 13:11:16,329 - BasePage - INFO - switch to iframe <selenium.webdriver.remote.webelement.WebElement (session="8678e9c7fbb660f71501aab0fd3160d0", element="0.2104361250350799-4")>
2020-09-11 13:11:18,370 - BasePage - ERROR - NoSuchElementException: Message: no such element: Unable to locate element: {"method":"id","selector":"d_btnAddOrganize"}
  (Session info: chrome=75.0.3770.100)
  (Driver info: chromedriver=2.41.578737 (49da6702b16031c40d63e5618de03a32ff6c197e),platform=Windows NT 6.1.7601 SP1 x86)

2020-09-11 13:11:18,759 - BasePage - INFO - Had take screenshot D:\1-LIX\demo-VOP1\demo-VOP1/screenshots/202009111311.png and save to folder : /screenshots
2020-09-11 13:11:21,769 - VOP_QXFP - INFO - 后置处理失败，删除失败
2020-09-11 13:11:24,309 - BrowserEngine - INFO - {'browserType': 'Chrome', 'url': 'http://10.100.248.27:8081/vinda_dis/com.rst.cloud.base.framework.view.MainFrame1.d', 'username': '141163', 'passwd': '111111'}
2020-09-11 13:11:27,891 - BrowserEngine - INFO - Starting Chrome browser.
2020-09-11 13:11:29,957 - BrowserEngine - INFO - Open url: http://10.100.248.27:8081/vinda_dis/com.rst.cloud.base.framework.view.MainFrame1.d
