2020-09-21 09:26:15,515 - BrowserEngine - INFO - {'browserType': 'Chrome', 'url': 'http://10.10.117.2:8081/vinda_dis/com.rst.cloud.base.framework.view.MainFrame1.d', 'username': '141163', 'passwd': '111111'}
2020-09-21 09:26:17,995 - BrowserEngine - INFO - Starting Chrome browser.
2020-09-21 09:26:18,797 - BrowserEngine - INFO - Open url: http://10.10.117.2:8081/vinda_dis/com.rst.cloud.base.framework.view.MainFrame1.d
2020-09-21 09:26:19,047 - BrowserEngine - INFO - Maximize the current window.
2020-09-21 09:26:19,050 - BrowserEngine - INFO - Set implicitly wait 5 seconds.
2020-09-21 09:26:19,051 - BrowserEngine - INFO - {'browserType': 'Chrome', 'url': 'http://10.10.117.2:8081/vinda_dis/com.rst.cloud.base.framework.view.MainFrame1.d', 'username': '141163', 'passwd': '111111'}
2020-09-21 09:26:19,230 - BasePage - INFO - Had find the element '  ' successful by id via value: username_ 
2020-09-21 09:26:19,352 - BasePage - INFO - Had type ' 141163 ' in inputBox
2020-09-21 09:26:19,392 - BasePage - INFO - Had find the element '  ' successful by id via value: password_ 
2020-09-21 09:26:19,468 - BasePage - INFO - Had type ' 111111 ' in inputBox
2020-09-21 09:26:19,505 - BasePage - INFO - Had find the element ' 登录 ' successful by xpath via value: // button[contains(text(), '登')] 
2020-09-21 09:26:22,778 - BasePage - INFO - Had take screenshot D:\1-LIX\demo-VOP1\demo-VOP1/screenshots/202009210926.png and save to folder : /screenshots
2020-09-21 09:26:22,778 - VOP_QXFP - INFO - 前置处理-登录
2020-09-21 09:26:22,830 - BasePage - INFO - Had find the element '  ' successful by xpath via value: //*[@class="tab tab-closeable tab-selected"]/span[1]/span[3] 
2020-09-21 09:26:22,954 - BasePage - INFO - Had find the element ' VOP系统 ' successful by xpath via value: //label[contains(text(),'VOP')] 
2020-09-21 09:26:23,073 - BasePage - INFO - Had find the element '  ' successful by xpath via value: //label[contains(text(), "VOP系统")]/../label[1] 
2020-09-21 09:26:25,205 - BasePage - INFO - Had find the element ' 权限分配 ' successful by xpath via value: //label[contains(text(), '权限分配')] 
2020-09-21 09:26:26,544 - VOP_QXFP - INFO - 切换到VOP权限分配页面
2020-09-21 09:26:29,623 - BasePage - INFO - Had find the element '  ' successful by xpath via value: //*[@id="d_tabControlWorkarea"]/div[2]/div[1]/iframe 
2020-09-21 09:26:29,648 - BasePage - INFO - switch to iframe <selenium.webdriver.remote.webelement.WebElement (session="22e9eb6b4647f107bcbcb570390f093f", element="0.621968348310002-6")>
2020-09-21 09:26:31,726 - BasePage - INFO - Had find the element '  新增 ' successful by id via value: d_btnAddOrganize 
2020-09-21 09:26:32,957 - BasePage - INFO - Had find the element '  ' successful by id via value: d_textOName 
2020-09-21 09:26:33,064 - BasePage - INFO - Had type ' 自动测试添加Autotest ' in inputBox
2020-09-21 09:26:33,065 - VOP_QXFP - INFO - 添加组织-自动测试添加Autotest
2020-09-21 09:26:36,585 - VOP_QXFP - INFO - 填写开始时间为上一年
2020-09-21 09:26:37,666 - BasePage - INFO - Had find the element '  确认 ' successful by id via value: d_btnSaveOrganize 
2020-09-21 09:26:38,772 - VOP_QXFP - INFO - 已添加组织，截图并开始断言
2020-09-21 09:26:41,118 - BasePage - INFO - Had take screenshot D:\1-LIX\demo-VOP1\demo-VOP1/screenshots/202009210926.png and save to folder : /screenshots
2020-09-21 09:26:42,241 - BasePage - INFO - Had find the element '  ' successful by id via value: d_textOrganize 
2020-09-21 09:26:42,327 - BasePage - INFO - Had type ' 自动测试添加 ' in inputBox
2020-09-21 09:26:43,403 - BasePage - INFO - Had find the element '  查询 ' successful by id via value: d_btnQuery 
2020-09-21 09:26:43,497 - QXFP - INFO - 权限分配搜索关键字自动测试添加
2020-09-21 09:26:44,536 - VOP_QXFP - INFO - 无法搜索到添加的组织，用例失败
2020-09-21 09:26:44,852 - BasePage - INFO - Had take screenshot D:\1-LIX\demo-VOP1\demo-VOP1/screenshots/202009210926.png and save to folder : /screenshots
2020-09-21 09:26:46,853 - VOP_QXFP - INFO - 后置处理失败，删除失败
