2020-09-13 12:26:26,736 - BrowserEngine - INFO - {'browserType': 'Chrome', 'url': 'http://10.10.117.2:8081/vinda_dis/com.rst.cloud.base.framework.view.Login.d?locale=zh_CN', 'username': '141163', 'passwd': '111111'}
2020-09-13 12:26:29,167 - BrowserEngine - INFO - Starting Chrome browser.
2020-09-13 12:26:31,622 - BrowserEngine - INFO - Open url: http://10.10.117.2:8081/vinda_dis/com.rst.cloud.base.framework.view.Login.d?locale=zh_CN
2020-09-13 12:26:31,863 - BrowserEngine - INFO - Maximize the current window.
2020-09-13 12:26:31,866 - BrowserEngine - INFO - Set implicitly wait 5 seconds.
2020-09-13 12:26:31,867 - BrowserEngine - INFO - {'browserType': 'Chrome', 'url': 'http://10.10.117.2:8081/vinda_dis/com.rst.cloud.base.framework.view.Login.d?locale=zh_CN', 'username': '141163', 'passwd': '111111'}
2020-09-13 12:26:31,930 - BasePage - INFO - Had find the element '  ' successful by id via value: username_ 
2020-09-13 12:26:32,050 - BasePage - INFO - Had type ' 141163 ' in inputBox
2020-09-13 12:26:32,086 - BasePage - INFO - Had find the element '  ' successful by id via value: password_ 
2020-09-13 12:26:32,177 - BasePage - INFO - Had type ' 111111 ' in inputBox
2020-09-13 12:26:32,213 - BasePage - INFO - Had find the element ' 登录 ' successful by xpath via value: // button[contains(text(), '登')] 
2020-09-13 12:26:34,902 - BasePage - INFO - Had take screenshot D:\1-LIX\demo-VOP1\demo-VOP1/screenshots/202009131226.png and save to folder : /screenshots
2020-09-13 12:26:34,903 - VOP_QXFP - INFO - 前置处理-登录
2020-09-13 12:26:34,945 - BasePage - INFO - Had find the element ' VOP系统 ' successful by xpath via value: //label[contains(text(),'VOP')] 
2020-09-13 12:26:35,064 - BasePage - INFO - Had find the element '  ' successful by xpath via value: //label[contains(text(), "VOP系统")]/../label[1] 
2020-09-13 12:26:37,212 - BasePage - INFO - Had find the element ' 权限分配 ' successful by xpath via value: //label[contains(text(), '权限分配')] 
2020-09-13 12:26:39,925 - VOP_QXFP - INFO - 切换到VOP权限分配页面
2020-09-13 12:26:55,002 - VOP_QXFP - INFO - 后置处理失败，删除失败
2020-09-13 12:26:56,189 - BrowserEngine - INFO - {'browserType': 'Chrome', 'url': 'http://10.10.117.2:8081/vinda_dis/com.rst.cloud.base.framework.view.Login.d?locale=zh_CN', 'username': '141163', 'passwd': '111111'}
2020-09-13 12:26:58,666 - BrowserEngine - INFO - Starting Chrome browser.
2020-09-13 12:27:00,899 - BrowserEngine - INFO - Open url: http://10.10.117.2:8081/vinda_dis/com.rst.cloud.base.framework.view.Login.d?locale=zh_CN
2020-09-13 12:27:01,128 - BrowserEngine - INFO - Maximize the current window.
2020-09-13 12:27:01,134 - BrowserEngine - INFO - Set implicitly wait 5 seconds.
2020-09-13 12:27:01,135 - BrowserEngine - INFO - {'browserType': 'Chrome', 'url': 'http://10.10.117.2:8081/vinda_dis/com.rst.cloud.base.framework.view.Login.d?locale=zh_CN', 'username': '141163', 'passwd': '111111'}
2020-09-13 12:27:01,177 - BasePage - INFO - Had find the element '  ' successful by id via value: username_ 
2020-09-13 12:27:01,271 - BasePage - INFO - Had type ' 141163 ' in inputBox
2020-09-13 12:27:01,301 - BasePage - INFO - Had find the element '  ' successful by id via value: password_ 
2020-09-13 12:27:01,386 - BasePage - INFO - Had type ' 111111 ' in inputBox
2020-09-13 12:27:01,419 - BasePage - INFO - Had find the element ' 登录 ' successful by xpath via value: // button[contains(text(), '登')] 
2020-09-13 12:27:04,141 - BasePage - INFO - Had take screenshot D:\1-LIX\demo-VOP1\demo-VOP1/screenshots/202009131227.png and save to folder : /screenshots
2020-09-13 12:27:04,141 - VOP_DLYM - INFO - loginpage已截图
