2020-09-11 13:08:31,263 - BrowserEngine - INFO - {'browserType': 'Chrome', 'url': 'http://10.100.248.27:8081/vinda_dis/com.rst.cloud.base.framework.view.MainFrame1.d', 'username': '141163', 'passwd': '111111'}
2020-09-11 13:08:38,592 - BrowserEngine - INFO - Starting Chrome browser.
2020-09-11 13:08:40,051 - BrowserEngine - INFO - Open url: http://10.100.248.27:8081/vinda_dis/com.rst.cloud.base.framework.view.MainFrame1.d
2020-09-11 13:08:40,311 - BrowserEngine - INFO - Maximize the current window.
2020-09-11 13:08:40,323 - BrowserEngine - INFO - Set implicitly wait 5 seconds.
2020-09-11 13:08:40,324 - BrowserEngine - INFO - {'browserType': 'Chrome', 'url': 'http://10.100.248.27:8081/vinda_dis/com.rst.cloud.base.framework.view.MainFrame1.d', 'username': '141163', 'passwd': '111111'}
2020-09-11 13:08:40,571 - BasePage - INFO - Had find the element '  ' successful by id via value: username_ 
2020-09-11 13:08:40,723 - BasePage - INFO - Had type ' 141163 ' in inputBox
2020-09-11 13:08:40,770 - BasePage - INFO - Had find the element '  ' successful by id via value: password_ 
2020-09-11 13:08:40,891 - BasePage - INFO - Had type ' 111111 ' in inputBox
2020-09-11 13:08:40,945 - BasePage - INFO - Had find the element ' 登录 ' successful by xpath via value: // button[contains(text(), '登')] 
2020-09-11 13:08:44,158 - BasePage - INFO - Had take screenshot D:\1-LIX\demo-VOP1\demo-VOP1/screenshots/202009111308.png and save to folder : /screenshots
2020-09-11 13:08:44,159 - VOP_QXFP - INFO - 前置处理-登录
2020-09-11 13:08:44,232 - BasePage - INFO - Had find the element ' VOP系统 ' successful by xpath via value: //label[contains(text(),'VOP')] 
2020-09-11 13:08:44,411 - BasePage - INFO - Had find the element '  ' successful by xpath via value: //label[contains(text(), "VOP系统")]/../label[1] 
2020-09-11 13:08:46,601 - BasePage - INFO - Had find the element ' 权限分配 ' successful by xpath via value: //label[contains(text(), '权限分配')] 
2020-09-11 13:08:47,972 - VOP_QXFP - INFO - 切换到VOP权限分配页面
2020-09-11 13:08:49,013 - BasePage - INFO - Had find the element '  ' successful by xpath via value: //*[@id="d_tabControlWorkarea"]/div[2]/div[1]/iframe 
2020-09-11 13:08:49,052 - BasePage - INFO - switch to iframe <selenium.webdriver.remote.webelement.WebElement (session="bdcc04f2e00a52139403df1db3e16d15", element="0.08570903911732586-4")>
2020-09-11 13:08:50,089 - BasePage - ERROR - NoSuchElementException: Message: no such element: Unable to locate element: {"method":"id","selector":"d_btnAddOrganize"}
  (Session info: chrome=75.0.3770.100)
  (Driver info: chromedriver=2.41.578737 (49da6702b16031c40d63e5618de03a32ff6c197e),platform=Windows NT 6.1.7601 SP1 x86)

2020-09-11 13:08:50,504 - BasePage - INFO - Had take screenshot D:\1-LIX\demo-VOP1\demo-VOP1/screenshots/202009111308.png and save to folder : /screenshots
2020-09-11 13:08:53,536 - VOP_QXFP - INFO - 后置处理失败，删除失败
2020-09-11 13:08:54,808 - BrowserEngine - INFO - {'browserType': 'Chrome', 'url': 'http://10.100.248.27:8081/vinda_dis/com.rst.cloud.base.framework.view.MainFrame1.d', 'username': '141163', 'passwd': '111111'}
2020-09-11 13:08:57,715 - BrowserEngine - INFO - Starting Chrome browser.
2020-09-11 13:08:58,650 - BrowserEngine - INFO - Open url: http://10.100.248.27:8081/vinda_dis/com.rst.cloud.base.framework.view.MainFrame1.d
