2020-09-11 13:52:53,556 - BrowserEngine - INFO - {'browserType': 'Chrome', 'url': 'http://10.10.117.2:8081/vinda_dis/com.rst.cloud.base.framework.view.MainFrame1.d', 'username': '141163', 'passwd': '111111'}
2020-09-11 13:52:55,845 - BrowserEngine - INFO - Starting Chrome browser.
2020-09-11 13:52:57,196 - BrowserEngine - INFO - Open url: http://10.10.117.2:8081/vinda_dis/com.rst.cloud.base.framework.view.MainFrame1.d
2020-09-11 13:52:57,443 - BrowserEngine - INFO - Maximize the current window.
2020-09-11 13:52:57,452 - BrowserEngine - INFO - Set implicitly wait 5 seconds.
2020-09-11 13:52:57,454 - BrowserEngine - INFO - {'browserType': 'Chrome', 'url': 'http://10.10.117.2:8081/vinda_dis/com.rst.cloud.base.framework.view.MainFrame1.d', 'username': '141163', 'passwd': '111111'}
2020-09-11 13:52:57,615 - BasePage - INFO - Had find the element '  ' successful by id via value: username_ 
2020-09-11 13:52:57,708 - BasePage - INFO - Had type ' 141163 ' in inputBox
2020-09-11 13:52:57,743 - BasePage - INFO - Had find the element '  ' successful by id via value: password_ 
2020-09-11 13:52:57,826 - BasePage - INFO - Had type ' 111111 ' in inputBox
2020-09-11 13:52:57,863 - BasePage - INFO - Had find the element ' 登录 ' successful by xpath via value: // button[contains(text(), '登')] 
2020-09-11 13:53:01,072 - BasePage - INFO - Had take screenshot D:\1-LIX\demo-VOP1\demo-VOP1/screenshots/202009111353.png and save to folder : /screenshots
2020-09-11 13:53:01,072 - VOP_QXFP - INFO - 前置处理-登录
2020-09-11 13:53:01,113 - BasePage - INFO - Had find the element ' VOP系统 ' successful by xpath via value: //label[contains(text(),'VOP')] 
2020-09-11 13:53:01,222 - BasePage - INFO - Had find the element '  ' successful by xpath via value: //label[contains(text(), "VOP系统")]/../label[1] 
2020-09-11 13:53:03,371 - BasePage - INFO - Had find the element ' 权限分配 ' successful by xpath via value: //label[contains(text(), '权限分配')] 
2020-09-11 13:53:04,783 - VOP_QXFP - INFO - 切换到VOP权限分配页面
2020-09-11 13:53:07,839 - BasePage - INFO - Had find the element '  ' successful by xpath via value: //*[@id="d_tabControlWorkarea"]/div[2]/div[1]/iframe 
2020-09-11 13:53:07,871 - BasePage - INFO - switch to iframe <selenium.webdriver.remote.webelement.WebElement (session="154c8684f551205321267d8eb87a84f2", element="0.1050926588117731-4")>
2020-09-11 13:53:09,961 - BasePage - INFO - Had find the element '  新增 ' successful by id via value: d_btnAddOrganize 
2020-09-11 13:53:11,494 - BasePage - INFO - Had find the element '  ' successful by id via value: d_textOName 
2020-09-11 13:53:11,807 - BasePage - INFO - Had type ' 自动测试添加Autotest ' in inputBox
2020-09-11 13:53:11,808 - VOP_QXFP - INFO - 添加组织-自动测试添加Autotest
2020-09-11 13:53:19,161 - BasePage - ERROR - NoSuchElementException: Message: no such element: Unable to locate element: {"method":"id","selector":"d__uid_239"}
  (Session info: chrome=75.0.3770.100)
  (Driver info: chromedriver=2.41.578737 (49da6702b16031c40d63e5618de03a32ff6c197e),platform=Windows NT 6.1.7601 SP1 x86)

2020-09-11 13:53:19,568 - BasePage - INFO - Had take screenshot D:\1-LIX\demo-VOP1\demo-VOP1/screenshots/202009111353.png and save to folder : /screenshots
