2020-09-11 13:38:17,770 - BrowserEngine - INFO - {'browserType': 'Chrome', 'url': 'http://10.100.248.27:8081/vinda_dis/com.rst.cloud.base.framework.view.MainFrame1.d', 'username': '141163', 'passwd': '111111'}
2020-09-11 13:38:21,178 - BrowserEngine - INFO - Starting Chrome browser.
2020-09-11 13:38:22,622 - BrowserEngine - INFO - Open url: http://10.100.248.27:8081/vinda_dis/com.rst.cloud.base.framework.view.MainFrame1.d
2020-09-11 13:38:22,914 - BrowserEngine - INFO - Maximize the current window.
2020-09-11 13:38:22,917 - BrowserEngine - INFO - Set implicitly wait 5 seconds.
2020-09-11 13:38:22,918 - BrowserEngine - INFO - {'browserType': 'Chrome', 'url': 'http://10.100.248.27:8081/vinda_dis/com.rst.cloud.base.framework.view.MainFrame1.d', 'username': '141163', 'passwd': '111111'}
2020-09-11 13:38:23,087 - BasePage - INFO - Had find the element '  ' successful by id via value: username_ 
2020-09-11 13:38:23,193 - BasePage - INFO - Had type ' 141163 ' in inputBox
2020-09-11 13:38:23,227 - BasePage - INFO - Had find the element '  ' successful by id via value: password_ 
2020-09-11 13:38:23,302 - BasePage - INFO - Had type ' 111111 ' in inputBox
2020-09-11 13:38:23,341 - BasePage - INFO - Had find the element ' 登录 ' successful by xpath via value: // button[contains(text(), '登')] 
2020-09-11 13:38:26,671 - BasePage - INFO - Had take screenshot D:\1-LIX\demo-VOP1\demo-VOP1/screenshots/202009111338.png and save to folder : /screenshots
2020-09-11 13:38:26,671 - VOP_QXFP - INFO - 前置处理-登录
2020-09-11 13:38:26,708 - BasePage - INFO - Had find the element ' VOP系统 ' successful by xpath via value: //label[contains(text(),'VOP')] 
2020-09-11 13:38:26,798 - BasePage - INFO - Had find the element '  ' successful by xpath via value: //label[contains(text(), "VOP系统")]/../label[1] 
2020-09-11 13:38:28,931 - BasePage - INFO - Had find the element ' 权限分配 ' successful by xpath via value: //label[contains(text(), '权限分配')] 
2020-09-11 13:38:30,325 - VOP_QXFP - INFO - 切换到VOP权限分配页面
2020-09-11 13:38:31,377 - BasePage - INFO - Had find the element '  ' successful by xpath via value: //*[@id="d_tabControlWorkarea"]/div[2]/div[1]/iframe 
2020-09-11 13:38:31,418 - BasePage - INFO - switch to iframe <selenium.webdriver.remote.webelement.WebElement (session="5b2927d7e10c99fea15722914c27989e", element="0.436158765213829-4")>
2020-09-11 13:38:37,470 - BasePage - ERROR - NoSuchElementException: Message: no such element: Unable to locate element: {"method":"id","selector":"d_btnAddOrganize"}
  (Session info: chrome=75.0.3770.100)
  (Driver info: chromedriver=2.41.578737 (49da6702b16031c40d63e5618de03a32ff6c197e),platform=Windows NT 6.1.7601 SP1 x86)

2020-09-11 13:38:37,878 - BasePage - INFO - Had take screenshot D:\1-LIX\demo-VOP1\demo-VOP1/screenshots/202009111338.png and save to folder : /screenshots
2020-09-11 13:38:40,918 - VOP_QXFP - INFO - 后置处理失败，删除失败
