2020-09-21 10:10:44,445 - BrowserEngine - INFO - {'browserType': 'Chrome', 'url': 'http://10.10.117.2:8081/vinda_dis/com.rst.cloud.base.framework.view.MainFrame1.d', 'username': '141163', 'passwd': '111111'}
2020-09-21 10:10:46,687 - BrowserEngine - INFO - Starting Chrome browser.
2020-09-21 10:10:48,122 - BrowserEngine - INFO - Open url: http://10.10.117.2:8081/vinda_dis/com.rst.cloud.base.framework.view.MainFrame1.d
2020-09-21 10:10:48,362 - BrowserEngine - INFO - Maximize the current window.
2020-09-21 10:10:48,365 - BrowserEngine - INFO - Set implicitly wait 5 seconds.
2020-09-21 10:10:48,365 - BrowserEngine - INFO - {'browserType': 'Chrome', 'url': 'http://10.10.117.2:8081/vinda_dis/com.rst.cloud.base.framework.view.MainFrame1.d', 'username': '141163', 'passwd': '111111'}
2020-09-21 10:10:48,602 - BasePage - INFO - Had find the element '  ' successful by id via value: username_ 
2020-09-21 10:10:48,720 - BasePage - INFO - Had type ' 141163 ' in inputBox
2020-09-21 10:10:48,764 - BasePage - INFO - Had find the element '  ' successful by id via value: password_ 
2020-09-21 10:10:48,877 - BasePage - INFO - Had type ' 111111 ' in inputBox
2020-09-21 10:10:48,920 - BasePage - INFO - Had find the element ' 登录 ' successful by xpath via value: // button[contains(text(), '登')] 
2020-09-21 10:10:52,281 - BasePage - INFO - Had take screenshot D:\1-LIX\demo-VOP1\demo-VOP1/screenshots/202009211010.png and save to folder : /screenshots
2020-09-21 10:10:52,282 - VOP_QXFP - INFO - 前置处理-登录
2020-09-21 10:10:52,388 - BasePage - INFO - Had find the element '  ' successful by xpath via value: //*[@class="tab tab-closeable tab-selected"]/span[1]/span[3] 
2020-09-21 10:10:52,605 - BasePage - INFO - Had find the element ' VOP系统 ' successful by xpath via value: //label[contains(text(),'VOP')] 
2020-09-21 10:10:52,785 - BasePage - INFO - Had find the element '  ' successful by xpath via value: //label[contains(text(), "VOP系统")]/../label[1] 
2020-09-21 10:10:54,962 - BasePage - INFO - Had find the element ' 权限分配 ' successful by xpath via value: //label[contains(text(), '权限分配')] 
2020-09-21 10:10:56,295 - VOP_QXFP - INFO - 切换到VOP权限分配页面
2020-09-21 10:10:59,393 - BasePage - INFO - Had find the element '  ' successful by xpath via value: //*[@id="d_tabControlWorkarea"]/div[2]/div[1]/iframe 
2020-09-21 10:10:59,419 - BasePage - INFO - switch to iframe <selenium.webdriver.remote.webelement.WebElement (session="707da3e98da6f108d8efc33e0a657847", element="0.026638811175043742-6")>
2020-09-21 10:11:01,477 - BasePage - INFO - Had find the element '  新增 ' successful by id via value: d_btnAddOrganize 
2020-09-21 10:11:02,676 - BasePage - INFO - Had find the element '  ' successful by id via value: d_textOName 
2020-09-21 10:11:02,774 - BasePage - INFO - Had type ' 自动测试添加 ' in inputBox
2020-09-21 10:11:02,775 - VOP_QXFP - INFO - 添加组织-自动测试添加
2020-09-21 10:11:06,292 - VOP_QXFP - INFO - 填写开始时间为上一年
2020-09-21 10:11:07,352 - BasePage - INFO - Had find the element '  确认 ' successful by id via value: d_btnSaveOrganize 
2020-09-21 10:11:08,450 - VOP_QXFP - INFO - 已添加组织，截图并开始断言
2020-09-21 10:11:10,782 - BasePage - INFO - Had take screenshot D:\1-LIX\demo-VOP1\demo-VOP1/screenshots/202009211011.png and save to folder : /screenshots
2020-09-21 10:11:11,850 - BasePage - INFO - Had find the element '  ' successful by id via value: d_textOrganize 
2020-09-21 10:11:11,933 - BasePage - INFO - Had type ' 自动测试添加 ' in inputBox
2020-09-21 10:11:13,012 - BasePage - INFO - Had find the element '  查询 ' successful by id via value: d_btnQuery 
2020-09-21 10:11:13,118 - QXFP - INFO - 权限分配搜索关键字自动测试添加
2020-09-21 10:11:14,165 - VOP_QXFP - INFO - 断言-通过搜索判断是否查询到已添加的组织，有则通过
2020-09-21 10:11:14,191 - VOP_QXFP - INFO - 无法搜索到添加的组织，用例失败
2020-09-21 10:11:14,515 - BasePage - INFO - Had take screenshot D:\1-LIX\demo-VOP1\demo-VOP1/screenshots/202009211011.png and save to folder : /screenshots
2020-09-21 10:11:16,516 - VOP_QXFP - INFO - 后置处理失败，删除失败
