2020-09-11 14:03:14,134 - BrowserEngine - INFO - {'browserType': 'Chrome', 'url': 'http://10.100.248.27:8081/vinda_dis/com.rst.cloud.base.framework.view.MainFrame1.d', 'username': '141163', 'passwd': '111111'}
2020-09-11 14:03:16,487 - BrowserEngine - INFO - Starting Chrome browser.
2020-09-11 14:03:17,309 - BrowserEngine - INFO - Open url: http://10.100.248.27:8081/vinda_dis/com.rst.cloud.base.framework.view.MainFrame1.d
2020-09-11 14:03:17,565 - BrowserEngine - INFO - Maximize the current window.
2020-09-11 14:03:17,569 - BrowserEngine - INFO - Set implicitly wait 5 seconds.
2020-09-11 14:03:17,569 - BrowserEngine - INFO - {'browserType': 'Chrome', 'url': 'http://10.100.248.27:8081/vinda_dis/com.rst.cloud.base.framework.view.MainFrame1.d', 'username': '141163', 'passwd': '111111'}
2020-09-11 14:03:17,809 - BasePage - INFO - Had find the element '  ' successful by id via value: username_ 
2020-09-11 14:03:17,911 - BasePage - INFO - Had type ' 141163 ' in inputBox
2020-09-11 14:03:17,949 - BasePage - INFO - Had find the element '  ' successful by id via value: password_ 
2020-09-11 14:03:18,053 - BasePage - INFO - Had type ' 111111 ' in inputBox
2020-09-11 14:03:18,110 - BasePage - INFO - Had find the element ' 登录 ' successful by xpath via value: // button[contains(text(), '登')] 
2020-09-11 14:03:20,943 - BasePage - INFO - Had take screenshot D:\1-LIX\demo-VOP1\demo-VOP1/screenshots/202009111403.png and save to folder : /screenshots
2020-09-11 14:03:20,943 - VOP_QXFP - INFO - 前置处理-登录
2020-09-11 14:03:21,001 - BasePage - INFO - Had find the element ' VOP系统 ' successful by xpath via value: //label[contains(text(),'VOP')] 
2020-09-11 14:03:21,162 - BasePage - INFO - Had find the element '  ' successful by xpath via value: //label[contains(text(), "VOP系统")]/../label[1] 
2020-09-11 14:03:23,325 - BasePage - INFO - Had find the element ' 权限分配 ' successful by xpath via value: //label[contains(text(), '权限分配')] 
2020-09-11 14:03:24,668 - VOP_QXFP - INFO - 切换到VOP权限分配页面
2020-09-11 14:03:27,719 - BasePage - INFO - switch to iframe <selenium.webdriver.remote.webelement.WebElement (session="0f756bc289b242b82de968cfb660f658", element="0.8717889828855223-4")>
2020-09-11 14:03:29,785 - BasePage - INFO - Had find the element '  新增 ' successful by id via value: d_btnAddOrganize 
2020-09-11 14:03:31,008 - BasePage - INFO - Had find the element '  ' successful by id via value: d_textOName 
2020-09-11 14:03:31,250 - BasePage - INFO - Had type ' 自动测试添加Autotest ' in inputBox
2020-09-11 14:03:31,251 - VOP_QXFP - INFO - 添加组织-自动测试添加Autotest
2020-09-11 14:03:33,561 - BasePage - INFO - Had find the element '  ' successful by id via value: d__uid_239 
2020-09-11 14:03:34,715 - BasePage - INFO - Had find the element ' 确定 ' successful by id via value: d__uid_238 
2020-09-11 14:03:34,866 - VOP_QXFP - INFO - 填写开始时间为上一年
2020-09-11 14:03:35,922 - BasePage - INFO - Had find the element '  确认 ' successful by id via value: d_btnSaveOrganize 
2020-09-11 14:03:37,037 - VOP_QXFP - INFO - 已添加组织，截图并开始断言
2020-09-11 14:03:39,398 - BasePage - INFO - Had take screenshot D:\1-LIX\demo-VOP1\demo-VOP1/screenshots/202009111403.png and save to folder : /screenshots
2020-09-11 14:03:40,478 - BasePage - INFO - Had find the element '  ' successful by id via value: d_textOrganize 
2020-09-11 14:03:40,581 - BasePage - INFO - Had type ' 自动测试添加 ' in inputBox
2020-09-11 14:03:41,653 - BasePage - INFO - Had find the element '  查询 ' successful by id via value: d_btnQuery 
2020-09-11 14:03:41,764 - QXFP - INFO - 权限分配搜索关键字自动测试添加
2020-09-11 14:03:42,781 - VOP_QXFP - INFO - 断言-通过搜索判断是否查询到已添加的组织，有则通过
2020-09-11 14:03:42,801 - VOP_QXFP - INFO - 无法搜索到添加的组织，用例失败
2020-09-11 14:03:43,098 - BasePage - INFO - Had take screenshot D:\1-LIX\demo-VOP1\demo-VOP1/screenshots/202009111403.png and save to folder : /screenshots
