2020-09-14 19:34:16,621 - BrowserEngine - INFO - {'browserType': 'Chrome', 'url': 'http://10.10.117.2:8081/vinda_dis/com.rst.cloud.base.framework.view.MainFrame1.d', 'username': '141163', 'passwd': '111111'}
2020-09-14 19:34:19,478 - BrowserEngine - INFO - Starting Chrome browser.
2020-09-14 19:34:21,807 - BrowserEngine - INFO - Open url: http://10.10.117.2:8081/vinda_dis/com.rst.cloud.base.framework.view.MainFrame1.d
2020-09-14 19:34:22,053 - BrowserEngine - INFO - Maximize the current window.
2020-09-14 19:34:22,065 - BrowserEngine - INFO - Set implicitly wait 5 seconds.
2020-09-14 19:34:22,065 - BrowserEngine - INFO - {'browserType': 'Chrome', 'url': 'http://10.10.117.2:8081/vinda_dis/com.rst.cloud.base.framework.view.MainFrame1.d', 'username': '141163', 'passwd': '111111'}
2020-09-14 19:34:22,296 - BasePage - INFO - Had find the element '  ' successful by id via value: username_ 
2020-09-14 19:34:22,395 - BasePage - INFO - Had type ' 141163 ' in inputBox
2020-09-14 19:34:22,429 - BasePage - INFO - Had find the element '  ' successful by id via value: password_ 
2020-09-14 19:34:22,512 - BasePage - INFO - Had type ' 111111 ' in inputBox
2020-09-14 19:34:22,550 - BasePage - INFO - Had find the element ' 登录 ' successful by xpath via value: // button[contains(text(), '登')] 
2020-09-14 19:34:25,460 - BasePage - INFO - Had take screenshot D:\1-LIX\demo-VOP1\demo-VOP1/screenshots/202009141934.png and save to folder : /screenshots
2020-09-14 19:34:25,461 - VOP_QXFP - INFO - 前置处理-登录
2020-09-14 19:34:30,524 - BasePage - INFO - Had find the element ' VOP系统 ' successful by xpath via value: //label[contains(text(),'VOP')] 
2020-09-14 19:34:30,641 - BasePage - INFO - Had find the element '  ' successful by xpath via value: //label[contains(text(), "VOP系统")]/../label[1] 
2020-09-14 19:34:32,759 - BasePage - INFO - Had find the element ' 权限分配 ' successful by xpath via value: //label[contains(text(), '权限分配')] 
2020-09-14 19:34:34,179 - VOP_QXFP - INFO - 切换到VOP权限分配页面
2020-09-14 19:34:37,220 - BasePage - INFO - Had find the element '  ' successful by xpath via value: //*[@id="d_tabControlWorkarea"]/div[2]/div[1]/iframe 
2020-09-14 19:34:37,246 - BasePage - INFO - switch to iframe <selenium.webdriver.remote.webelement.WebElement (session="c681a155160c04fac9cb22442f08d797", element="0.307166802176559-4")>
2020-09-14 19:34:39,293 - BasePage - INFO - Had find the element '  新增 ' successful by id via value: d_btnAddOrganize 
2020-09-14 19:34:40,537 - BasePage - INFO - Had find the element '  ' successful by id via value: d_textOName 
2020-09-14 19:34:40,743 - BasePage - INFO - Had type ' 自动测试添加Autotest ' in inputBox
2020-09-14 19:34:40,743 - VOP_QXFP - INFO - 添加组织-自动测试添加Autotest
2020-09-14 19:34:44,003 - BasePage - ERROR - NoSuchElementException: Message: no such element: Unable to locate element: {"method":"id","selector":"d__uid_239"}
  (Session info: chrome=75.0.3770.100)
  (Driver info: chromedriver=2.41.578737 (49da6702b16031c40d63e5618de03a32ff6c197e),platform=Windows NT 6.1.7601 SP1 x86)

2020-09-14 19:34:44,327 - BasePage - INFO - Had take screenshot D:\1-LIX\demo-VOP1\demo-VOP1/screenshots/202009141934.png and save to folder : /screenshots
2020-09-14 19:34:47,373 - VOP_QXFP - INFO - 后置处理失败，删除失败
