2020-09-21 09:47:09,708 - BrowserEngine - INFO - {'browserType': 'Chrome', 'url': 'http://10.10.117.2:8081/vinda_dis/com.rst.cloud.base.framework.view.MainFrame1.d', 'username': '141163', 'passwd': '111111'}
2020-09-21 09:47:12,198 - BrowserEngine - INFO - Starting Chrome browser.
2020-09-21 09:47:13,656 - BrowserEngine - INFO - Open url: http://10.10.117.2:8081/vinda_dis/com.rst.cloud.base.framework.view.MainFrame1.d
2020-09-21 09:47:13,877 - BrowserEngine - INFO - Maximize the current window.
2020-09-21 09:47:13,881 - BrowserEngine - INFO - Set implicitly wait 5 seconds.
2020-09-21 09:47:13,882 - BrowserEngine - INFO - {'browserType': 'Chrome', 'url': 'http://10.10.117.2:8081/vinda_dis/com.rst.cloud.base.framework.view.MainFrame1.d', 'username': '141163', 'passwd': '111111'}
2020-09-21 09:47:14,088 - BasePage - INFO - Had find the element '  ' successful by id via value: username_ 
2020-09-21 09:47:14,163 - BasePage - INFO - Had type ' 141163 ' in inputBox
2020-09-21 09:47:14,193 - BasePage - INFO - Had find the element '  ' successful by id via value: password_ 
2020-09-21 09:47:14,253 - BasePage - INFO - Had type ' 111111 ' in inputBox
2020-09-21 09:47:14,285 - BasePage - INFO - Had find the element ' 登录 ' successful by xpath via value: // button[contains(text(), '登')] 
2020-09-21 09:47:17,761 - BasePage - INFO - Had take screenshot D:\1-LIX\demo-VOP1\demo-VOP1/screenshots/202009210947.png and save to folder : /screenshots
2020-09-21 09:47:17,762 - VOP_QXFP - INFO - 前置处理-登录
2020-09-21 09:47:17,839 - BasePage - INFO - Had find the element '  ' successful by xpath via value: //*[@class="tab tab-closeable tab-selected"]/span[1]/span[3] 
2020-09-21 09:47:18,002 - BasePage - INFO - Had find the element ' VOP系统 ' successful by xpath via value: //label[contains(text(),'VOP')] 
2020-09-21 09:47:18,129 - BasePage - INFO - Had find the element '  ' successful by xpath via value: //label[contains(text(), "VOP系统")]/../label[1] 
2020-09-21 09:47:20,260 - BasePage - INFO - Had find the element ' 权限分配 ' successful by xpath via value: //label[contains(text(), '权限分配')] 
2020-09-21 09:47:23,674 - VOP_QXFP - INFO - 切换到VOP权限分配页面
2020-09-21 09:47:26,742 - BasePage - INFO - Had find the element '  ' successful by xpath via value: //*[@id="d_tabControlWorkarea"]/div[2]/div[1]/iframe 
2020-09-21 09:47:26,768 - BasePage - INFO - switch to iframe <selenium.webdriver.remote.webelement.WebElement (session="65c9799ff9be4d0e2947268f8faf753e", element="0.01647232600016091-6")>
2020-09-21 09:47:28,849 - BasePage - INFO - Had find the element '  新增 ' successful by id via value: d_btnAddOrganize 
2020-09-21 09:47:30,052 - BasePage - INFO - Had find the element '  ' successful by id via value: d_textOName 
2020-09-21 09:47:30,211 - BasePage - INFO - Had type ' 自动测试添加Autotest ' in inputBox
2020-09-21 09:47:30,211 - VOP_QXFP - INFO - 添加组织-自动测试添加Autotest
2020-09-21 09:47:33,724 - VOP_QXFP - INFO - 填写开始时间为上一年
2020-09-21 09:47:34,792 - BasePage - INFO - Had find the element '  确认 ' successful by id via value: d_btnSaveOrganize 
2020-09-21 09:47:35,918 - VOP_QXFP - INFO - 已添加组织，截图并开始断言
2020-09-21 09:47:38,265 - BasePage - INFO - Had take screenshot D:\1-LIX\demo-VOP1\demo-VOP1/screenshots/202009210947.png and save to folder : /screenshots
2020-09-21 09:47:39,324 - BasePage - INFO - Had find the element '  ' successful by id via value: d_textOrganize 
2020-09-21 09:47:39,412 - BasePage - INFO - Had type ' 自动测试添加 ' in inputBox
2020-09-21 09:47:40,497 - BasePage - INFO - Had find the element '  查询 ' successful by id via value: d_btnQuery 
2020-09-21 09:47:40,599 - QXFP - INFO - 权限分配搜索关键字自动测试添加
2020-09-21 09:47:41,619 - VOP_QXFP - INFO - 无法搜索到添加的组织，用例失败
2020-09-21 09:47:41,942 - BasePage - INFO - Had take screenshot D:\1-LIX\demo-VOP1\demo-VOP1/screenshots/202009210947.png and save to folder : /screenshots
2020-09-21 09:47:43,942 - VOP_QXFP - INFO - 后置处理失败，删除失败
