2020-09-21 09:19:41,033 - BrowserEngine - INFO - {'browserType': 'Chrome', 'url': 'http://10.10.117.2:8081/vinda_dis/com.rst.cloud.base.framework.view.MainFrame1.d', 'username': '141163', 'passwd': '111111'}
2020-09-21 09:19:43,054 - BrowserEngine - INFO - Starting Chrome browser.
2020-09-21 09:19:44,436 - BrowserEngine - INFO - Open url: http://10.10.117.2:8081/vinda_dis/com.rst.cloud.base.framework.view.MainFrame1.d
2020-09-21 09:19:44,696 - BrowserEngine - INFO - Maximize the current window.
2020-09-21 09:19:44,699 - BrowserEngine - INFO - Set implicitly wait 5 seconds.
2020-09-21 09:19:44,700 - BrowserEngine - INFO - {'browserType': 'Chrome', 'url': 'http://10.10.117.2:8081/vinda_dis/com.rst.cloud.base.framework.view.MainFrame1.d', 'username': '141163', 'passwd': '111111'}
2020-09-21 09:19:44,843 - BasePage - INFO - Had find the element '  ' successful by id via value: username_ 
2020-09-21 09:19:44,959 - BasePage - INFO - Had type ' 141163 ' in inputBox
2020-09-21 09:19:45,000 - BasePage - INFO - Had find the element '  ' successful by id via value: password_ 
2020-09-21 09:19:45,075 - BasePage - INFO - Had type ' 111111 ' in inputBox
2020-09-21 09:19:45,114 - BasePage - INFO - Had find the element ' 登录 ' successful by xpath via value: // button[contains(text(), '登')] 
2020-09-21 09:19:47,818 - BasePage - INFO - Had take screenshot D:\1-LIX\demo-VOP1\demo-VOP1/screenshots/202009210919.png and save to folder : /screenshots
2020-09-21 09:19:47,819 - VOP_QXFP - INFO - 前置处理-登录
2020-09-21 09:19:47,868 - BasePage - INFO - Had find the element '  ' successful by xpath via value: //*[@class="tab tab-closeable tab-selected"]/span[1]/span[3] 
2020-09-21 09:19:47,968 - BasePage - INFO - Had find the element ' VOP系统 ' successful by xpath via value: //label[contains(text(),'VOP')] 
2020-09-21 09:19:48,071 - BasePage - INFO - Had find the element '  ' successful by xpath via value: //label[contains(text(), "VOP系统")]/../label[1] 
2020-09-21 09:19:50,198 - BasePage - INFO - Had find the element ' 权限分配 ' successful by xpath via value: //label[contains(text(), '权限分配')] 
2020-09-21 09:19:51,819 - VOP_QXFP - INFO - 切换到VOP权限分配页面
2020-09-21 09:19:54,884 - BasePage - INFO - Had find the element '  ' successful by xpath via value: //*[@id="d_tabControlWorkarea"]/div[2]/div[1]/iframe 
2020-09-21 09:19:54,909 - BasePage - INFO - switch to iframe <selenium.webdriver.remote.webelement.WebElement (session="c430489d740d64f451de038b7d6a585f", element="0.9177553867214552-6")>
2020-09-21 09:19:56,985 - BasePage - INFO - Had find the element '  新增 ' successful by id via value: d_btnAddOrganize 
2020-09-21 09:19:58,185 - BasePage - INFO - Had find the element '  ' successful by id via value: d_textOName 
2020-09-21 09:19:58,326 - BasePage - INFO - Had type ' 自动测试添加Autotest ' in inputBox
2020-09-21 09:19:58,326 - VOP_QXFP - INFO - 添加组织-自动测试添加Autotest
2020-09-21 09:20:01,887 - VOP_QXFP - INFO - 填写开始时间为上一年
2020-09-21 09:20:02,952 - BasePage - INFO - Had find the element '  确认 ' successful by id via value: d_btnSaveOrganize 
2020-09-21 09:20:04,057 - VOP_QXFP - INFO - 已添加组织，截图并开始断言
2020-09-21 09:20:06,388 - BasePage - INFO - Had take screenshot D:\1-LIX\demo-VOP1\demo-VOP1/screenshots/202009210920.png and save to folder : /screenshots
2020-09-21 09:20:07,459 - BasePage - INFO - Had find the element '  ' successful by id via value: d_textOrganize 
2020-09-21 09:20:07,543 - BasePage - INFO - Had type ' 自动测试添加 ' in inputBox
2020-09-21 09:20:08,584 - BasePage - INFO - Had find the element '  查询 ' successful by id via value: d_btnQuery 
2020-09-21 09:20:08,688 - QXFP - INFO - 权限分配搜索关键字自动测试添加
2020-09-21 09:20:10,729 - VOP_QXFP - INFO - 无法搜索到添加的组织，用例失败
2020-09-21 09:20:11,058 - BasePage - INFO - Had take screenshot D:\1-LIX\demo-VOP1\demo-VOP1/screenshots/202009210920.png and save to folder : /screenshots
2020-09-21 09:20:13,058 - VOP_QXFP - INFO - 后置处理失败，删除失败
