2020-09-11 13:50:49,453 - BrowserEngine - INFO - {'browserType': 'Chrome', 'url': 'http://10.100.248.27:8081/vinda_dis/com.rst.cloud.base.framework.view.MainFrame1.d', 'username': '141163', 'passwd': '111111'}
2020-09-11 13:50:51,497 - BrowserEngine - INFO - Starting Chrome browser.
2020-09-11 13:50:53,199 - BrowserEngine - INFO - Open url: http://10.100.248.27:8081/vinda_dis/com.rst.cloud.base.framework.view.MainFrame1.d
2020-09-11 13:50:53,422 - BrowserEngine - INFO - Maximize the current window.
2020-09-11 13:50:53,426 - BrowserEngine - INFO - Set implicitly wait 5 seconds.
2020-09-11 13:50:53,426 - BrowserEngine - INFO - {'browserType': 'Chrome', 'url': 'http://10.100.248.27:8081/vinda_dis/com.rst.cloud.base.framework.view.MainFrame1.d', 'username': '141163', 'passwd': '111111'}
2020-09-11 13:50:53,655 - BasePage - INFO - Had find the element '  ' successful by id via value: username_ 
2020-09-11 13:50:53,743 - BasePage - INFO - Had type ' 141163 ' in inputBox
2020-09-11 13:50:53,777 - BasePage - INFO - Had find the element '  ' successful by id via value: password_ 
2020-09-11 13:50:53,856 - BasePage - INFO - Had type ' 111111 ' in inputBox
2020-09-11 13:50:53,893 - BasePage - INFO - Had find the element ' 登录 ' successful by xpath via value: // button[contains(text(), '登')] 
2020-09-11 13:50:56,584 - BasePage - INFO - Had take screenshot D:\1-LIX\demo-VOP1\demo-VOP1/screenshots/202009111350.png and save to folder : /screenshots
2020-09-11 13:50:56,584 - VOP_QXFP - INFO - 前置处理-登录
2020-09-11 13:50:56,623 - BasePage - INFO - Had find the element ' VOP系统 ' successful by xpath via value: //label[contains(text(),'VOP')] 
2020-09-11 13:50:56,720 - BasePage - INFO - Had find the element '  ' successful by xpath via value: //label[contains(text(), "VOP系统")]/../label[1] 
2020-09-11 13:50:58,848 - BasePage - INFO - Had find the element ' 权限分配 ' successful by xpath via value: //label[contains(text(), '权限分配')] 
2020-09-11 13:51:00,162 - VOP_QXFP - INFO - 切换到VOP权限分配页面
2020-09-11 13:51:03,199 - BasePage - INFO - Had find the element '  ' successful by xpath via value: //*[@id="d_tabControlWorkarea"]/div[2]/div[1]/iframe 
2020-09-11 13:51:03,226 - BasePage - INFO - switch to iframe <selenium.webdriver.remote.webelement.WebElement (session="acee6a0106e3949105905f2ad18ec480", element="0.8001379510440068-4")>
2020-09-11 13:51:10,289 - BasePage - ERROR - NoSuchElementException: Message: no such element: Unable to locate element: {"method":"id","selector":"d_btnAddOrganize"}
  (Session info: chrome=75.0.3770.100)
  (Driver info: chromedriver=2.41.578737 (49da6702b16031c40d63e5618de03a32ff6c197e),platform=Windows NT 6.1.7601 SP1 x86)

2020-09-11 13:51:10,676 - BasePage - INFO - Had take screenshot D:\1-LIX\demo-VOP1\demo-VOP1/screenshots/202009111351.png and save to folder : /screenshots
2020-09-11 13:51:17,688 - VOP_QXFP - INFO - 后置处理失败，删除失败
