2020-09-21 16:15:12,038 - BrowserEngine - INFO - {'browserType': 'Chrome', 'url': 'http://10.100.248.27:8081/vinda_dis/com.rst.cloud.base.framework.view.MainFrame1.d', 'username': '141163', 'passwd': '111111'}
2020-09-21 16:15:14,535 - BrowserEngine - INFO - Starting Chrome browser.
2020-09-21 16:15:15,801 - BrowserEngine - INFO - Open url: http://10.100.248.27:8081/vinda_dis/com.rst.cloud.base.framework.view.MainFrame1.d
2020-09-21 16:15:16,019 - BrowserEngine - INFO - Maximize the current window.
2020-09-21 16:15:16,020 - BrowserEngine - INFO - Set implicitly wait 5 seconds.
2020-09-21 16:15:16,021 - BrowserEngine - INFO - {'browserType': 'Chrome', 'url': 'http://10.100.248.27:8081/vinda_dis/com.rst.cloud.base.framework.view.MainFrame1.d', 'username': '141163', 'passwd': '111111'}
2020-09-21 16:15:16,067 - BasePage - INFO - Had find the element '  ' successful by id via value: username_ 
2020-09-21 16:15:16,158 - BasePage - INFO - Had type ' 141163 ' in inputBox
2020-09-21 16:15:16,195 - BasePage - INFO - Had find the element '  ' successful by id via value: password_ 
2020-09-21 16:15:16,276 - BasePage - INFO - Had type ' 111111 ' in inputBox
2020-09-21 16:15:16,431 - BasePage - INFO - Had find the element ' 登录 ' successful by xpath via value: // button[contains(text(), '登')] 
2020-09-21 16:15:20,077 - BasePage - INFO - Had take screenshot D:\1-LIX\demo-VOP1\demo-VOP1/screenshots/202009211615.png and save to folder : /screenshots
2020-09-21 16:15:20,078 - VOP_QXFP - INFO - 前置处理-登录
2020-09-21 16:15:20,139 - BasePage - INFO - Had find the element '  ' successful by xpath via value: //*[@class="tab tab-closeable tab-selected"]/span[1]/span[3] 
2020-09-21 16:15:20,271 - BasePage - INFO - Had find the element ' VOP系统 ' successful by xpath via value: //label[contains(text(),'VOP')] 
2020-09-21 16:15:20,375 - BasePage - INFO - Had find the element '  ' successful by xpath via value: //label[contains(text(), "VOP系统")]/../label[1] 
2020-09-21 16:15:22,500 - BasePage - INFO - Had find the element ' 权限分配 ' successful by xpath via value: //label[contains(text(), '权限分配')] 
2020-09-21 16:15:24,030 - VOP_QXFP - INFO - 切换到VOP权限分配页面
2020-09-21 16:15:27,071 - BasePage - INFO - Had find the element '  ' successful by xpath via value: //*[@id="d_tabControlWorkarea"]/div[2]/div[1]/iframe 
2020-09-21 16:15:27,100 - BasePage - INFO - switch to iframe <selenium.webdriver.remote.webelement.WebElement (session="45ae98faecba96fff19123e9856c05c1", element="0.9023903773300439-6")>
2020-09-21 16:15:29,147 - BasePage - INFO - Had find the element '  新增 ' successful by id via value: d_btnAddOrganize 
2020-09-21 16:15:30,409 - BasePage - INFO - Had find the element '  ' successful by id via value: d_textOName 
2020-09-21 16:15:30,511 - BasePage - INFO - Had type ' 自动测试添加 ' in inputBox
2020-09-21 16:15:30,512 - VOP_QXFP - INFO - 添加组织-自动测试添加
2020-09-21 16:15:33,975 - VOP_QXFP - INFO - 填写开始时间为上一年
2020-09-21 16:15:35,028 - BasePage - INFO - Had find the element '  确认 ' successful by id via value: d_btnSaveOrganize 
2020-09-21 16:15:36,136 - VOP_QXFP - INFO - 已添加组织，截图并开始断言
2020-09-21 16:15:38,479 - BasePage - INFO - Had take screenshot D:\1-LIX\demo-VOP1\demo-VOP1/screenshots/202009211615.png and save to folder : /screenshots
2020-09-21 16:15:39,541 - BasePage - INFO - Had find the element '  ' successful by id via value: d_textOrganize 
2020-09-21 16:15:39,631 - BasePage - INFO - Had type ' 自动测试添加 ' in inputBox
2020-09-21 16:15:40,702 - BasePage - INFO - Had find the element '  查询 ' successful by id via value: d_btnQuery 
2020-09-21 16:15:40,807 - QXFP - INFO - 权限分配搜索关键字自动测试添加
2020-09-21 16:15:41,851 - VOP_QXFP - INFO - 断言-通过搜索判断是否查询到已添加的组织，有则通过
2020-09-21 16:15:41,878 - VOP_QXFP - INFO - 无法搜索到添加的组织，用例失败
2020-09-21 16:15:42,248 - BasePage - INFO - Had take screenshot D:\1-LIX\demo-VOP1\demo-VOP1/screenshots/202009211615.png and save to folder : /screenshots
2020-09-21 16:15:44,294 - BasePage - INFO - Had find the element '  ' successful by xpath via value: //*[@title="自动测试添加"]/../../td[1]/div[1] 
2020-09-21 16:15:45,435 - BasePage - INFO - Had find the element '  删除 ' successful by id via value: d_btnDelOrganize 
2020-09-21 16:15:46,616 - VOP_QXFP - INFO - 后置处理已删除测试组织
