2020-09-11 13:43:37,302 - BrowserEngine - INFO - {'browserType': 'Chrome', 'url': 'http://10.100.248.27:8081/vinda_dis/com.rst.cloud.base.framework.view.MainFrame1.d', 'username': '141163', 'passwd': '111111'}
2020-09-11 13:43:39,301 - BrowserEngine - INFO - Starting Chrome browser.
2020-09-11 13:43:40,273 - BrowserEngine - INFO - Open url: http://10.100.248.27:8081/vinda_dis/com.rst.cloud.base.framework.view.MainFrame1.d
2020-09-11 13:43:40,499 - BrowserEngine - INFO - Maximize the current window.
2020-09-11 13:43:40,505 - BrowserEngine - INFO - Set implicitly wait 5 seconds.
2020-09-11 13:43:40,505 - BrowserEngine - INFO - {'browserType': 'Chrome', 'url': 'http://10.100.248.27:8081/vinda_dis/com.rst.cloud.base.framework.view.MainFrame1.d', 'username': '141163', 'passwd': '111111'}
2020-09-11 13:43:40,672 - BasePage - INFO - Had find the element '  ' successful by id via value: username_ 
2020-09-11 13:43:40,774 - BasePage - INFO - Had type ' 141163 ' in inputBox
2020-09-11 13:43:40,814 - BasePage - INFO - Had find the element '  ' successful by id via value: password_ 
2020-09-11 13:43:40,899 - BasePage - INFO - Had type ' 111111 ' in inputBox
2020-09-11 13:43:40,948 - BasePage - INFO - Had find the element ' 登录 ' successful by xpath via value: // button[contains(text(), '登')] 
2020-09-11 13:43:44,367 - BasePage - INFO - Had take screenshot D:\1-LIX\demo-VOP1\demo-VOP1/screenshots/202009111343.png and save to folder : /screenshots
2020-09-11 13:43:44,367 - VOP_QXFP - INFO - 前置处理-登录
2020-09-11 13:43:44,410 - BasePage - INFO - Had find the element ' VOP系统 ' successful by xpath via value: //label[contains(text(),'VOP')] 
2020-09-11 13:43:44,523 - BasePage - INFO - Had find the element '  ' successful by xpath via value: //label[contains(text(), "VOP系统")]/../label[1] 
2020-09-11 13:43:46,668 - BasePage - INFO - Had find the element ' 权限分配 ' successful by xpath via value: //label[contains(text(), '权限分配')] 
2020-09-11 13:43:49,022 - VOP_QXFP - INFO - 切换到VOP权限分配页面
2020-09-11 13:43:51,091 - BasePage - INFO - Had find the element '  ' successful by xpath via value: //*[@id="d_tabControlWorkarea"]/div[2]/div[1]/iframe 
2020-09-11 13:43:51,120 - BasePage - INFO - switch to iframe <selenium.webdriver.remote.webelement.WebElement (session="102734eb775ae3e28864dfb0be0af0d9", element="0.5939994011621688-4")>
2020-09-11 13:43:57,175 - BasePage - ERROR - NoSuchElementException: Message: no such element: Unable to locate element: {"method":"id","selector":"d_btnAddOrganize"}
  (Session info: chrome=75.0.3770.100)
  (Driver info: chromedriver=2.41.578737 (49da6702b16031c40d63e5618de03a32ff6c197e),platform=Windows NT 6.1.7601 SP1 x86)

2020-09-11 13:43:57,517 - BasePage - INFO - Had take screenshot D:\1-LIX\demo-VOP1\demo-VOP1/screenshots/202009111343.png and save to folder : /screenshots
2020-09-11 13:44:00,530 - VOP_QXFP - INFO - 后置处理失败，删除失败
