2020-09-11 13:47:45,009 - BrowserEngine - INFO - {'browserType': 'Chrome', 'url': 'http://10.100.248.27:8081/vinda_dis/com.rst.cloud.base.framework.view.MainFrame1.d', 'username': '141163', 'passwd': '111111'}
2020-09-11 13:47:47,356 - BrowserEngine - INFO - Starting Chrome browser.
2020-09-11 13:47:48,446 - BrowserEngine - INFO - Open url: http://10.100.248.27:8081/vinda_dis/com.rst.cloud.base.framework.view.MainFrame1.d
2020-09-11 13:47:48,903 - BrowserEngine - INFO - Maximize the current window.
2020-09-11 13:47:48,909 - BrowserEngine - INFO - Set implicitly wait 5 seconds.
2020-09-11 13:47:48,910 - BrowserEngine - INFO - {'browserType': 'Chrome', 'url': 'http://10.100.248.27:8081/vinda_dis/com.rst.cloud.base.framework.view.MainFrame1.d', 'username': '141163', 'passwd': '111111'}
2020-09-11 13:47:49,172 - BasePage - INFO - Had find the element '  ' successful by id via value: username_ 
2020-09-11 13:47:49,408 - BasePage - INFO - Had type ' 141163 ' in inputBox
2020-09-11 13:47:49,482 - BasePage - INFO - Had find the element '  ' successful by id via value: password_ 
2020-09-11 13:47:49,717 - BasePage - INFO - Had type ' 111111 ' in inputBox
2020-09-11 13:47:49,769 - BasePage - INFO - Had find the element ' 登录 ' successful by xpath via value: // button[contains(text(), '登')] 
2020-09-11 13:47:53,244 - BasePage - INFO - Had take screenshot D:\1-LIX\demo-VOP1\demo-VOP1/screenshots/202009111347.png and save to folder : /screenshots
2020-09-11 13:47:53,245 - VOP_QXFP - INFO - 前置处理-登录
2020-09-11 13:47:53,295 - BasePage - INFO - Had find the element ' VOP系统 ' successful by xpath via value: //label[contains(text(),'VOP')] 
2020-09-11 13:47:53,402 - BasePage - INFO - Had find the element '  ' successful by xpath via value: //label[contains(text(), "VOP系统")]/../label[1] 
2020-09-11 13:47:55,527 - BasePage - INFO - Had find the element ' 权限分配 ' successful by xpath via value: //label[contains(text(), '权限分配')] 
2020-09-11 13:47:56,812 - VOP_QXFP - INFO - 切换到VOP权限分配页面
2020-09-11 13:47:59,875 - BasePage - INFO - Had find the element '  ' successful by xpath via value: //*[@id="d_tabControlWorkarea"]/div[2]/div[1]/iframe 
2020-09-11 13:47:59,924 - BasePage - INFO - switch to iframe <selenium.webdriver.remote.webelement.WebElement (session="16cbdede6fe1d0672399b2fbab454b36", element="0.047684976184682704-4")>
2020-09-11 13:48:06,942 - BasePage - ERROR - NoSuchElementException: Message: no such element: Unable to locate element: {"method":"id","selector":"d_btnAddOrganize"}
  (Session info: chrome=75.0.3770.100)
  (Driver info: chromedriver=2.41.578737 (49da6702b16031c40d63e5618de03a32ff6c197e),platform=Windows NT 6.1.7601 SP1 x86)

2020-09-11 13:48:07,302 - BasePage - INFO - Had take screenshot D:\1-LIX\demo-VOP1\demo-VOP1/screenshots/202009111348.png and save to folder : /screenshots
2020-09-11 13:48:14,368 - VOP_QXFP - INFO - 后置处理失败，删除失败
